  Game.cpp
D:\GAMEDEV\C++\Github\LetterRain\LetterRain\Code\Managers\DrawManager.h(10,29): warning C4309: 'inicializando': truncamiento de valor constante
D:\GAMEDEV\C++\Github\LetterRain\LetterRain\Code\Managers\DrawManager.h(11,30): warning C4309: 'inicializando': truncamiento de valor constante
D:\GAMEDEV\C++\Github\LetterRain\LetterRain\Code\Managers\DrawManager.h(12,32): warning C4309: 'inicializando': truncamiento de valor constante
D:\GAMEDEV\C++\Github\LetterRain\LetterRain\Code\Managers\DrawManager.h(13,33): warning C4309: 'inicializando': truncamiento de valor constante
D:\GAMEDEV\C++\Github\LetterRain\LetterRain\Code\Managers\DrawManager.h(15,28): warning C4309: 'inicializando': truncamiento de valor constante
D:\GAMEDEV\C++\Github\LetterRain\LetterRain\Code\Managers\DrawManager.h(16,30): warning C4309: 'inicializando': truncamiento de valor constante
D:\GAMEDEV\C++\Github\LetterRain\LetterRain\Code\Managers\DrawManager.h(18,32): warning C4309: 'inicializando': truncamiento de valor constante
D:\GAMEDEV\C++\Github\LetterRain\LetterRain\Code\Managers\DrawManager.h(19,33): warning C4309: 'inicializando': truncamiento de valor constante
  LetterRain.cpp
D:\GAMEDEV\C++\Github\LetterRain\LetterRain\Code\Managers\DrawManager.h(10,29): warning C4309: 'inicializando': truncamiento de valor constante
D:\GAMEDEV\C++\Github\LetterRain\LetterRain\Code\Managers\DrawManager.h(11,30): warning C4309: 'inicializando': truncamiento de valor constante
D:\GAMEDEV\C++\Github\LetterRain\LetterRain\Code\Managers\DrawManager.h(12,32): warning C4309: 'inicializando': truncamiento de valor constante
D:\GAMEDEV\C++\Github\LetterRain\LetterRain\Code\Managers\DrawManager.h(13,33): warning C4309: 'inicializando': truncamiento de valor constante
D:\GAMEDEV\C++\Github\LetterRain\LetterRain\Code\Managers\DrawManager.h(15,28): warning C4309: 'inicializando': truncamiento de valor constante
D:\GAMEDEV\C++\Github\LetterRain\LetterRain\Code\Managers\DrawManager.h(16,30): warning C4309: 'inicializando': truncamiento de valor constante
D:\GAMEDEV\C++\Github\LetterRain\LetterRain\Code\Managers\DrawManager.h(18,32): warning C4309: 'inicializando': truncamiento de valor constante
D:\GAMEDEV\C++\Github\LetterRain\LetterRain\Code\Managers\DrawManager.h(19,33): warning C4309: 'inicializando': truncamiento de valor constante
  RandomGeneratorManager.cpp
  Generando código...
  LetterRain.vcxproj -> D:\GAMEDEV\C++\Github\LetterRain\x64\Debug\LetterRain.exe
